<?xml version="1.0" encoding="UTF-8"?>
<!-- Generated by org.testng.reporters.JUnitXMLReporter -->
<testsuite ignored="0" hostname="DESKTOP-14SVF8U" failures="0" tests="4" name="Default test" time="36.37" errors="0" timestamp="2021-06-01T23:04:24 EDT">
  <testcase classname="tests.Alerts" name="test" time="5.645"/>
  <testcase classname="tests.Alerts" name="test2" time="9.68"/>
  <testcase classname="tests.Alerts" name="test3" time="4.723"/>
  <testcase classname="tests.Alerts" name="test4" time="4.544"/>
</testsuite> <!-- Default test -->
