<?xml version="1.0" encoding="UTF-8"?>
<testng-results ignored="0" total="4" passed="4" failed="0" skipped="0">
  <reporter-output>
  </reporter-output>
  <suite started-at="2021-06-01T23:03:48 EDT" name="Default suite" finished-at="2021-06-01T23:04:24 EDT" duration-ms="36370">
    <groups>
    </groups>
    <test started-at="2021-06-01T23:03:48 EDT" name="Default test" finished-at="2021-06-01T23:04:24 EDT" duration-ms="36370">
      <class name="tests.Alerts">
        <test-method is-config="true" signature="beforeMethod()[pri:0, instance:tests.Alerts@3246fb96]" started-at="2021-06-01T23:03:48 EDT" name="beforeMethod" finished-at="2021-06-01T23:03:51 EDT" duration-ms="2907" status="PASS">
          <reporter-output>
          </reporter-output>
        </test-method> <!-- beforeMethod -->
        <test-method signature="test()[pri:0, instance:tests.Alerts@3246fb96]" started-at="2021-06-01T23:03:51 EDT" name="test" finished-at="2021-06-01T23:03:57 EDT" duration-ms="5645" status="PASS">
          <reporter-output>
          </reporter-output>
        </test-method> <!-- test -->
        <test-method is-config="true" signature="afterMethod()[pri:0, instance:tests.Alerts@3246fb96]" started-at="2021-06-01T23:03:57 EDT" name="afterMethod" finished-at="2021-06-01T23:03:57 EDT" duration-ms="824" status="PASS">
          <reporter-output>
          </reporter-output>
        </test-method> <!-- afterMethod -->
        <test-method is-config="true" signature="beforeMethod()[pri:0, instance:tests.Alerts@3246fb96]" started-at="2021-06-01T23:03:57 EDT" name="beforeMethod" finished-at="2021-06-01T23:03:59 EDT" duration-ms="1643" status="PASS">
          <reporter-output>
          </reporter-output>
        </test-method> <!-- beforeMethod -->
        <test-method signature="test2()[pri:0, instance:tests.Alerts@3246fb96]" started-at="2021-06-01T23:03:59 EDT" name="test2" finished-at="2021-06-01T23:04:09 EDT" duration-ms="9680" status="PASS">
          <reporter-output>
          </reporter-output>
        </test-method> <!-- test2 -->
        <test-method is-config="true" signature="afterMethod()[pri:0, instance:tests.Alerts@3246fb96]" started-at="2021-06-01T23:04:09 EDT" name="afterMethod" finished-at="2021-06-01T23:04:10 EDT" duration-ms="837" status="PASS">
          <reporter-output>
          </reporter-output>
        </test-method> <!-- afterMethod -->
        <test-method is-config="true" signature="beforeMethod()[pri:0, instance:tests.Alerts@3246fb96]" started-at="2021-06-01T23:04:10 EDT" name="beforeMethod" finished-at="2021-06-01T23:04:11 EDT" duration-ms="1654" status="PASS">
          <reporter-output>
          </reporter-output>
        </test-method> <!-- beforeMethod -->
        <test-method signature="test3()[pri:0, instance:tests.Alerts@3246fb96]" started-at="2021-06-01T23:04:11 EDT" name="test3" finished-at="2021-06-01T23:04:16 EDT" duration-ms="4723" status="PASS">
          <reporter-output>
          </reporter-output>
        </test-method> <!-- test3 -->
        <test-method is-config="true" signature="afterMethod()[pri:0, instance:tests.Alerts@3246fb96]" started-at="2021-06-01T23:04:16 EDT" name="afterMethod" finished-at="2021-06-01T23:04:17 EDT" duration-ms="1372" status="PASS">
          <reporter-output>
          </reporter-output>
        </test-method> <!-- afterMethod -->
        <test-method is-config="true" signature="beforeMethod()[pri:0, instance:tests.Alerts@3246fb96]" started-at="2021-06-01T23:04:17 EDT" name="beforeMethod" finished-at="2021-06-01T23:04:19 EDT" duration-ms="1620" status="PASS">
          <reporter-output>
          </reporter-output>
        </test-method> <!-- beforeMethod -->
        <test-method signature="test4()[pri:0, instance:tests.Alerts@3246fb96]" started-at="2021-06-01T23:04:19 EDT" name="test4" finished-at="2021-06-01T23:04:24 EDT" duration-ms="4544" status="PASS">
          <reporter-output>
          </reporter-output>
        </test-method> <!-- test4 -->
        <test-method is-config="true" signature="afterMethod()[pri:0, instance:tests.Alerts@3246fb96]" started-at="2021-06-01T23:04:24 EDT" name="afterMethod" finished-at="2021-06-01T23:04:24 EDT" duration-ms="845" status="PASS">
          <reporter-output>
          </reporter-output>
        </test-method> <!-- afterMethod -->
      </class> <!-- tests.Alerts -->
    </test> <!-- Default test -->
  </suite> <!-- Default suite -->
</testng-results>
