<?xml version="1.0" encoding="UTF-8"?>
<testng-results ignored="0" total="3" passed="3" failed="0" skipped="0">
  <reporter-output>
  </reporter-output>
  <suite started-at="2021-05-20T13:08:17 EDT" name="Default suite" finished-at="2021-05-20T13:08:45 EDT" duration-ms="28231">
    <groups>
    </groups>
    <test started-at="2021-05-20T13:08:17 EDT" name="Default test" finished-at="2021-05-20T13:08:45 EDT" duration-ms="28231">
      <class name="tests.Selections">
        <test-method is-config="true" signature="beforeTest()[pri:0, instance:tests.Selections@77eca502]" started-at="2021-05-20T13:08:17 EDT" name="beforeTest" finished-at="2021-05-20T13:08:21 EDT" duration-ms="4131" status="PASS">
          <reporter-output>
          </reporter-output>
        </test-method> <!-- beforeTest -->
        <test-method signature="test1()[pri:0, instance:tests.Selections@77eca502]" started-at="2021-05-20T13:08:21 EDT" name="test1" finished-at="2021-05-20T13:08:26 EDT" duration-ms="5524" status="PASS">
          <reporter-output>
          </reporter-output>
        </test-method> <!-- test1 -->
        <test-method is-config="true" signature="afterTest()[pri:0, instance:tests.Selections@77eca502]" started-at="2021-05-20T13:08:26 EDT" name="afterTest" finished-at="2021-05-20T13:08:27 EDT" duration-ms="880" status="PASS">
          <reporter-output>
          </reporter-output>
        </test-method> <!-- afterTest -->
        <test-method is-config="true" signature="beforeTest()[pri:0, instance:tests.Selections@77eca502]" started-at="2021-05-20T13:08:27 EDT" name="beforeTest" finished-at="2021-05-20T13:08:29 EDT" duration-ms="1642" status="PASS">
          <reporter-output>
          </reporter-output>
        </test-method> <!-- beforeTest -->
        <test-method signature="test2()[pri:0, instance:tests.Selections@77eca502]" started-at="2021-05-20T13:08:29 EDT" name="test2" finished-at="2021-05-20T13:08:35 EDT" duration-ms="5767" status="PASS">
          <reporter-output>
          </reporter-output>
        </test-method> <!-- test2 -->
        <test-method is-config="true" signature="afterTest()[pri:0, instance:tests.Selections@77eca502]" started-at="2021-05-20T13:08:35 EDT" name="afterTest" finished-at="2021-05-20T13:08:36 EDT" duration-ms="1214" status="PASS">
          <reporter-output>
          </reporter-output>
        </test-method> <!-- afterTest -->
        <test-method is-config="true" signature="beforeTest()[pri:0, instance:tests.Selections@77eca502]" started-at="2021-05-20T13:08:36 EDT" name="beforeTest" finished-at="2021-05-20T13:08:37 EDT" duration-ms="1760" status="PASS">
          <reporter-output>
          </reporter-output>
        </test-method> <!-- beforeTest -->
        <test-method signature="test3()[pri:0, instance:tests.Selections@77eca502]" started-at="2021-05-20T13:08:37 EDT" name="test3" finished-at="2021-05-20T13:08:44 EDT" duration-ms="6359" status="PASS">
          <reporter-output>
          </reporter-output>
        </test-method> <!-- test3 -->
        <test-method is-config="true" signature="afterTest()[pri:0, instance:tests.Selections@77eca502]" started-at="2021-05-20T13:08:44 EDT" name="afterTest" finished-at="2021-05-20T13:08:45 EDT" duration-ms="888" status="PASS">
          <reporter-output>
          </reporter-output>
        </test-method> <!-- afterTest -->
      </class> <!-- tests.Selections -->
    </test> <!-- Default test -->
  </suite> <!-- Default suite -->
</testng-results>
